<?xml version="1.0" encoding="UTF-8"?>
<!DOCTYPE html PUBLIC "-//W3C//DTD XHTML 1.0 Strict//EN" "http://www.w3.org/TR/xhtml1/DTD/xhtml1-strict.dtd">
<html xmlns="http://www.w3.org/1999/xhtml">
<head>
    <title>iweb_shop项目Web自动化测试报告</title>
    <meta name="generator" content="HTMLTestRunner 0.8.2"/>
    <meta http-equiv="Content-Type" content="text/html; charset=UTF-8"/>
    
<style type="text/css" media="screen">
body        { font-family: verdana, arial, helvetica, sans-serif; font-size: 80%; }
table       { font-size: 100%; }
pre         { }

/* -- heading ---------------------------------------------------------------------- */
h1 {
	font-size: 16pt;
	color: gray;
}
.heading {
    margin-top: 0ex;
    margin-bottom: 1ex;
}

.heading .attribute {
    margin-top: 1ex;
    margin-bottom: 0;
}

.heading .description {
    margin-top: 4ex;
    margin-bottom: 6ex;
}

/* -- css div popup ------------------------------------------------------------------------ */
a.popup_link {
}

a.popup_link:hover {
    color: red;
}

.popup_window {
    display: none;
    position: relative;
    left: 0px;
    top: 0px;
    /*border: solid #627173 1px; */
    padding: 10px;
    background-color: #E6E6D6;
    font-family: "Lucida Console", "Courier New", Courier, monospace;
    text-align: left;
    font-size: 8pt;
    width: 500px;
}

}
/* -- report ------------------------------------------------------------------------ */
#show_detail_line {
    margin-top: 3ex;
    margin-bottom: 1ex;
}
#result_table {
    width: 80%;
    border-collapse: collapse;
    border: 1px solid #777;
}
#header_row {
    font-weight: bold;
    color: white;
    background-color: #777;
}
#result_table td {
    border: 1px solid #777;
    padding: 2px;
}
#total_row  { font-weight: bold; }
.passClass  { background-color: #6c6; }
.failClass  { background-color: #c60; }
.errorClass { background-color: #c00; }
.passCase   { color: #6c6; }
.failCase   { color: #c60; font-weight: bold; }
.errorCase  { color: #c00; font-weight: bold; }
.hiddenRow  { display: none; }
.testcase   { margin-left: 2em; }


/* -- ending ---------------------------------------------------------------------- */
#ending {
}

</style>

</head>
<body>
<script language="javascript" type="text/javascript"><!--
output_list = Array();

/* level - 0:Summary; 1:Failed; 2:All */
function showCase(level) {
    trs = document.getElementsByTagName("tr");
    for (var i = 0; i < trs.length; i++) {
        tr = trs[i];
        id = tr.id;
        if (id.substr(0,2) == 'ft') {
            if (level < 1) {
                tr.className = 'hiddenRow';
            }
            else {
                tr.className = '';
            }
        }
        if (id.substr(0,2) == 'pt') {
            if (level > 1) {
                tr.className = '';
            }
            else {
                tr.className = 'hiddenRow';
            }
        }
    }
}


function showClassDetail(cid, count) {
    var id_list = Array(count);
    var toHide = 1;
    for (var i = 0; i < count; i++) {
        tid0 = 't' + cid.substr(1) + '.' + (i+1);
        tid = 'f' + tid0;
        tr = document.getElementById(tid);
        if (!tr) {
            tid = 'p' + tid0;
            tr = document.getElementById(tid);
        }
        id_list[i] = tid;
        if (tr.className) {
            toHide = 0;
        }
    }
    for (var i = 0; i < count; i++) {
        tid = id_list[i];
        if (toHide) {
            document.getElementById('div_'+tid).style.display = 'none'
            document.getElementById(tid).className = 'hiddenRow';
        }
        else {
            document.getElementById(tid).className = '';
        }
    }
}


function showTestDetail(div_id){
    var details_div = document.getElementById(div_id)
    var displayState = details_div.style.display
    // alert(displayState)
    if (displayState != 'block' ) {
        displayState = 'block'
        details_div.style.display = 'block'
    }
    else {
        details_div.style.display = 'none'
    }
}


function html_escape(s) {
    s = s.replace(/&/g,'&amp;');
    s = s.replace(/</g,'&lt;');
    s = s.replace(/>/g,'&gt;');
    return s;
}

/* obsoleted by detail in <div>
function showOutput(id, name) {
    var w = window.open("", //url
                    name,
                    "resizable,scrollbars,status,width=800,height=450");
    d = w.document;
    d.write("<pre>");
    d.write(html_escape(output_list[id]));
    d.write("\n");
    d.write("<a href='javascript:window.close()'>close</a>\n");
    d.write("</pre>\n");
    d.close();
}
*/
--></script>

<div class='heading'>
<h1>iweb_shop项目Web自动化测试报告</h1>
<p class='attribute'><strong>Start Time:</strong> 2018-06-08 20:35:55</p>
<p class='attribute'><strong>Duration:</strong> 0:03:30.606235</p>
<p class='attribute'><strong>Status:</strong> Pass 4 Error 5</p>

<p class='description'>测试用例共计9条</p>
</div>



<p id='show_detail_line'>Show
<a href='javascript:showCase(0)'>Summary</a>
<a href='javascript:showCase(1)'>Failed</a>
<a href='javascript:showCase(2)'>All</a>
</p>
<table id='result_table'>
<colgroup>
<col align='left' />
<col align='right' />
<col align='right' />
<col align='right' />
<col align='right' />
<col align='right' />
</colgroup>
<tr id='header_row'>
    <td>Test Group/Test case</td>
    <td>Count</td>
    <td>Pass</td>
    <td>Fail</td>
    <td>Error</td>
    <td>View</td>
</tr>

<tr class='errorClass'>
    <td>test_01.TestLoad</td>
    <td>9</td>
    <td>4</td>
    <td>0</td>
    <td>5</td>
    <td><a href="javascript:showClassDetail('c1',9)">Detail</a></td>
</tr>

<tr id='pt1.1' class='hiddenRow'>
    <td class='none'><div class='testcase'>test_load001</div></td>
    <td colspan='5' align='center'>pass</td>
</tr>

<tr id='pt1.2' class='hiddenRow'>
    <td class='none'><div class='testcase'>test_load002</div></td>
    <td colspan='5' align='center'>pass</td>
</tr>

<tr id='ft1.3' class='none'>
    <td class='errorCase'><div class='testcase'>test_load003</div></td>
    <td colspan='5' align='center'>

    <!--css div popup start-->
    <a class="popup_link" onfocus='this.blur();' href="javascript:showTestDetail('div_ft1.3')" >
        error</a>

    <div id='div_ft1.3' class="popup_window">
        <div style='text-align: right; color:red;cursor:pointer'>
        <a onfocus='this.blur();' onclick="document.getElementById('div_ft1.3').style.display = 'none' " >
           [x]</a>
        </div>
        <pre>
        
ft1.3: Traceback (most recent call last):
  File "C:\Users\asus\PycharmProjects\iwebshop\scripts\test_01.py", line 89, in test_load003
    self.assertIn("填写密码", self.scr_load.get_att(self.load_password_null))
  File "C:\Users\asus\PycharmProjects\iwebshop\page\page_load.py", line 18, in get_att
    return self.find_element(loc).text
  File "C:\Users\asus\PycharmProjects\iwebshop\page\page_load.py", line 9, in find_element
    return self.driver.find_element(loc[0],loc[1])
  File "D:\python3.6.4\lib\site-packages\selenium\webdriver\remote\webdriver.py", line 712, in find_element
    {'using': by, 'value': value})['value']
  File "D:\python3.6.4\lib\site-packages\selenium\webdriver\remote\webdriver.py", line 201, in execute
    self.error_handler.check_response(response)
  File "D:\python3.6.4\lib\site-packages\selenium\webdriver\remote\errorhandler.py", line 181, in check_response
    raise exception_class(message, screen, stacktrace)
selenium.common.exceptions.NoSuchElementException: Message: Unable to locate element: {"method":"xpath","selector":"//tbody/tr[3]/td/label[@class='invalid-msg']"}
Stacktrace:
    at FirefoxDriver.prototype.findElementInternal_ (file:///C:/Users/asus/AppData/Local/Temp/tmp7c135sml/extensions/fxdriver@googlecode.com/components/driver-component.js:10659)
    at fxdriver.Timer.prototype.setTimeout/&lt;.notify (file:///C:/Users/asus/AppData/Local/Temp/tmp7c135sml/extensions/fxdriver@googlecode.com/components/driver-component.js:621)
Traceback (most recent call last):
  File "C:\Users\asus\PycharmProjects\iwebshop\scripts\test_01.py", line 89, in test_load003
    self.assertIn("填写密码", self.scr_load.get_att(self.load_password_null))
  File "C:\Users\asus\PycharmProjects\iwebshop\page\page_load.py", line 18, in get_att
    return self.find_element(loc).text
  File "C:\Users\asus\PycharmProjects\iwebshop\page\page_load.py", line 9, in find_element
    return self.driver.find_element(loc[0],loc[1])
  File "D:\python3.6.4\lib\site-packages\selenium\webdriver\remote\webdriver.py", line 712, in find_element
    {'using': by, 'value': value})['value']
  File "D:\python3.6.4\lib\site-packages\selenium\webdriver\remote\webdriver.py", line 201, in execute
    self.error_handler.check_response(response)
  File "D:\python3.6.4\lib\site-packages\selenium\webdriver\remote\errorhandler.py", line 181, in check_response
    raise exception_class(message, screen, stacktrace)
selenium.common.exceptions.NoSuchElementException: Message: Unable to locate element: {"method":"xpath","selector":"//tbody/tr[3]/td/label[@class='invalid-msg']"}
Stacktrace:
    at FirefoxDriver.prototype.findElementInternal_ (file:///C:/Users/asus/AppData/Local/Temp/tmp7c135sml/extensions/fxdriver@googlecode.com/components/driver-component.js:10659)
    at fxdriver.Timer.prototype.setTimeout/&lt;.notify (file:///C:/Users/asus/AppData/Local/Temp/tmp7c135sml/extensions/fxdriver@googlecode.com/components/driver-component.js:621)


        </pre>
    </div>
    <!--css div popup end-->

    </td>
</tr>

<tr id='pt1.4' class='hiddenRow'>
    <td class='none'><div class='testcase'>test_load004</div></td>
    <td colspan='5' align='center'>pass</td>
</tr>

<tr id='pt1.5' class='hiddenRow'>
    <td class='none'><div class='testcase'>test_load005</div></td>
    <td colspan='5' align='center'>pass</td>
</tr>

<tr id='ft1.6' class='none'>
    <td class='errorCase'><div class='testcase'>test_load006</div></td>
    <td colspan='5' align='center'>

    <!--css div popup start-->
    <a class="popup_link" onfocus='this.blur();' href="javascript:showTestDetail('div_ft1.6')" >
        error</a>

    <div id='div_ft1.6' class="popup_window">
        <div style='text-align: right; color:red;cursor:pointer'>
        <a onfocus='this.blur();' onclick="document.getElementById('div_ft1.6').style.display = 'none' " >
           [x]</a>
        </div>
        <pre>
        
ft1.6: Traceback (most recent call last):
  File "C:\Users\asus\PycharmProjects\iwebshop\scripts\test_01.py", line 137, in test_load006
    self.assertIn("填写密码", self.scr_load.get_att(self.load_password_null))
  File "C:\Users\asus\PycharmProjects\iwebshop\page\page_load.py", line 18, in get_att
    return self.find_element(loc).text
  File "C:\Users\asus\PycharmProjects\iwebshop\page\page_load.py", line 9, in find_element
    return self.driver.find_element(loc[0],loc[1])
  File "D:\python3.6.4\lib\site-packages\selenium\webdriver\remote\webdriver.py", line 712, in find_element
    {'using': by, 'value': value})['value']
  File "D:\python3.6.4\lib\site-packages\selenium\webdriver\remote\webdriver.py", line 201, in execute
    self.error_handler.check_response(response)
  File "D:\python3.6.4\lib\site-packages\selenium\webdriver\remote\errorhandler.py", line 181, in check_response
    raise exception_class(message, screen, stacktrace)
selenium.common.exceptions.NoSuchElementException: Message: Unable to locate element: {"method":"xpath","selector":"//tbody/tr[3]/td/label[@class='invalid-msg']"}
Stacktrace:
    at FirefoxDriver.prototype.findElementInternal_ (file:///C:/Users/asus/AppData/Local/Temp/tmpqlc13nrf/extensions/fxdriver@googlecode.com/components/driver-component.js:10659)
    at fxdriver.Timer.prototype.setTimeout/&lt;.notify (file:///C:/Users/asus/AppData/Local/Temp/tmpqlc13nrf/extensions/fxdriver@googlecode.com/components/driver-component.js:621)
Traceback (most recent call last):
  File "C:\Users\asus\PycharmProjects\iwebshop\scripts\test_01.py", line 137, in test_load006
    self.assertIn("填写密码", self.scr_load.get_att(self.load_password_null))
  File "C:\Users\asus\PycharmProjects\iwebshop\page\page_load.py", line 18, in get_att
    return self.find_element(loc).text
  File "C:\Users\asus\PycharmProjects\iwebshop\page\page_load.py", line 9, in find_element
    return self.driver.find_element(loc[0],loc[1])
  File "D:\python3.6.4\lib\site-packages\selenium\webdriver\remote\webdriver.py", line 712, in find_element
    {'using': by, 'value': value})['value']
  File "D:\python3.6.4\lib\site-packages\selenium\webdriver\remote\webdriver.py", line 201, in execute
    self.error_handler.check_response(response)
  File "D:\python3.6.4\lib\site-packages\selenium\webdriver\remote\errorhandler.py", line 181, in check_response
    raise exception_class(message, screen, stacktrace)
selenium.common.exceptions.NoSuchElementException: Message: Unable to locate element: {"method":"xpath","selector":"//tbody/tr[3]/td/label[@class='invalid-msg']"}
Stacktrace:
    at FirefoxDriver.prototype.findElementInternal_ (file:///C:/Users/asus/AppData/Local/Temp/tmpqlc13nrf/extensions/fxdriver@googlecode.com/components/driver-component.js:10659)
    at fxdriver.Timer.prototype.setTimeout/&lt;.notify (file:///C:/Users/asus/AppData/Local/Temp/tmpqlc13nrf/extensions/fxdriver@googlecode.com/components/driver-component.js:621)


        </pre>
    </div>
    <!--css div popup end-->

    </td>
</tr>

<tr id='ft1.7' class='none'>
    <td class='errorCase'><div class='testcase'>test_load007</div></td>
    <td colspan='5' align='center'>

    <!--css div popup start-->
    <a class="popup_link" onfocus='this.blur();' href="javascript:showTestDetail('div_ft1.7')" >
        error</a>

    <div id='div_ft1.7' class="popup_window">
        <div style='text-align: right; color:red;cursor:pointer'>
        <a onfocus='this.blur();' onclick="document.getElementById('div_ft1.7').style.display = 'none' " >
           [x]</a>
        </div>
        <pre>
        
ft1.7: Traceback (most recent call last):
  File "C:\Users\asus\PycharmProjects\iwebshop\scripts\test_01.py", line 153, in test_load007
    self.assertIn("填写用户名或邮箱", self.scr_load.get_att(self.load_username_null))
  File "C:\Users\asus\PycharmProjects\iwebshop\page\page_load.py", line 18, in get_att
    return self.find_element(loc).text
  File "C:\Users\asus\PycharmProjects\iwebshop\page\page_load.py", line 9, in find_element
    return self.driver.find_element(loc[0],loc[1])
  File "D:\python3.6.4\lib\site-packages\selenium\webdriver\remote\webdriver.py", line 712, in find_element
    {'using': by, 'value': value})['value']
  File "D:\python3.6.4\lib\site-packages\selenium\webdriver\remote\webdriver.py", line 201, in execute
    self.error_handler.check_response(response)
  File "D:\python3.6.4\lib\site-packages\selenium\webdriver\remote\errorhandler.py", line 181, in check_response
    raise exception_class(message, screen, stacktrace)
selenium.common.exceptions.NoSuchElementException: Message: Unable to locate element: {"method":"xpath","selector":"//tbody/tr[2]/td/label[@class='invalid-msg']"}
Stacktrace:
    at FirefoxDriver.prototype.findElementInternal_ (file:///C:/Users/asus/AppData/Local/Temp/tmps65366l8/extensions/fxdriver@googlecode.com/components/driver-component.js:10659)
    at fxdriver.Timer.prototype.setTimeout/&lt;.notify (file:///C:/Users/asus/AppData/Local/Temp/tmps65366l8/extensions/fxdriver@googlecode.com/components/driver-component.js:621)
Traceback (most recent call last):
  File "C:\Users\asus\PycharmProjects\iwebshop\scripts\test_01.py", line 153, in test_load007
    self.assertIn("填写用户名或邮箱", self.scr_load.get_att(self.load_username_null))
  File "C:\Users\asus\PycharmProjects\iwebshop\page\page_load.py", line 18, in get_att
    return self.find_element(loc).text
  File "C:\Users\asus\PycharmProjects\iwebshop\page\page_load.py", line 9, in find_element
    return self.driver.find_element(loc[0],loc[1])
  File "D:\python3.6.4\lib\site-packages\selenium\webdriver\remote\webdriver.py", line 712, in find_element
    {'using': by, 'value': value})['value']
  File "D:\python3.6.4\lib\site-packages\selenium\webdriver\remote\webdriver.py", line 201, in execute
    self.error_handler.check_response(response)
  File "D:\python3.6.4\lib\site-packages\selenium\webdriver\remote\errorhandler.py", line 181, in check_response
    raise exception_class(message, screen, stacktrace)
selenium.common.exceptions.NoSuchElementException: Message: Unable to locate element: {"method":"xpath","selector":"//tbody/tr[2]/td/label[@class='invalid-msg']"}
Stacktrace:
    at FirefoxDriver.prototype.findElementInternal_ (file:///C:/Users/asus/AppData/Local/Temp/tmps65366l8/extensions/fxdriver@googlecode.com/components/driver-component.js:10659)
    at fxdriver.Timer.prototype.setTimeout/&lt;.notify (file:///C:/Users/asus/AppData/Local/Temp/tmps65366l8/extensions/fxdriver@googlecode.com/components/driver-component.js:621)


        </pre>
    </div>
    <!--css div popup end-->

    </td>
</tr>

<tr id='ft1.8' class='none'>
    <td class='errorCase'><div class='testcase'>test_load008</div></td>
    <td colspan='5' align='center'>

    <!--css div popup start-->
    <a class="popup_link" onfocus='this.blur();' href="javascript:showTestDetail('div_ft1.8')" >
        error</a>

    <div id='div_ft1.8' class="popup_window">
        <div style='text-align: right; color:red;cursor:pointer'>
        <a onfocus='this.blur();' onclick="document.getElementById('div_ft1.8').style.display = 'none' " >
           [x]</a>
        </div>
        <pre>
        
ft1.8: Traceback (most recent call last):
  File "C:\Users\asus\PycharmProjects\iwebshop\scripts\test_01.py", line 169, in test_load008
    self.assertIn("填写用户名或邮箱", self.scr_load.get_att(self.load_username_null))
  File "C:\Users\asus\PycharmProjects\iwebshop\page\page_load.py", line 18, in get_att
    return self.find_element(loc).text
  File "C:\Users\asus\PycharmProjects\iwebshop\page\page_load.py", line 9, in find_element
    return self.driver.find_element(loc[0],loc[1])
  File "D:\python3.6.4\lib\site-packages\selenium\webdriver\remote\webdriver.py", line 712, in find_element
    {'using': by, 'value': value})['value']
  File "D:\python3.6.4\lib\site-packages\selenium\webdriver\remote\webdriver.py", line 201, in execute
    self.error_handler.check_response(response)
  File "D:\python3.6.4\lib\site-packages\selenium\webdriver\remote\errorhandler.py", line 181, in check_response
    raise exception_class(message, screen, stacktrace)
selenium.common.exceptions.NoSuchElementException: Message: Unable to locate element: {"method":"xpath","selector":"//tbody/tr[2]/td/label[@class='invalid-msg']"}
Stacktrace:
    at FirefoxDriver.prototype.findElementInternal_ (file:///C:/Users/asus/AppData/Local/Temp/tmpbq_d4_h6/extensions/fxdriver@googlecode.com/components/driver-component.js:10659)
    at fxdriver.Timer.prototype.setTimeout/&lt;.notify (file:///C:/Users/asus/AppData/Local/Temp/tmpbq_d4_h6/extensions/fxdriver@googlecode.com/components/driver-component.js:621)
Traceback (most recent call last):
  File "C:\Users\asus\PycharmProjects\iwebshop\scripts\test_01.py", line 169, in test_load008
    self.assertIn("填写用户名或邮箱", self.scr_load.get_att(self.load_username_null))
  File "C:\Users\asus\PycharmProjects\iwebshop\page\page_load.py", line 18, in get_att
    return self.find_element(loc).text
  File "C:\Users\asus\PycharmProjects\iwebshop\page\page_load.py", line 9, in find_element
    return self.driver.find_element(loc[0],loc[1])
  File "D:\python3.6.4\lib\site-packages\selenium\webdriver\remote\webdriver.py", line 712, in find_element
    {'using': by, 'value': value})['value']
  File "D:\python3.6.4\lib\site-packages\selenium\webdriver\remote\webdriver.py", line 201, in execute
    self.error_handler.check_response(response)
  File "D:\python3.6.4\lib\site-packages\selenium\webdriver\remote\errorhandler.py", line 181, in check_response
    raise exception_class(message, screen, stacktrace)
selenium.common.exceptions.NoSuchElementException: Message: Unable to locate element: {"method":"xpath","selector":"//tbody/tr[2]/td/label[@class='invalid-msg']"}
Stacktrace:
    at FirefoxDriver.prototype.findElementInternal_ (file:///C:/Users/asus/AppData/Local/Temp/tmpbq_d4_h6/extensions/fxdriver@googlecode.com/components/driver-component.js:10659)
    at fxdriver.Timer.prototype.setTimeout/&lt;.notify (file:///C:/Users/asus/AppData/Local/Temp/tmpbq_d4_h6/extensions/fxdriver@googlecode.com/components/driver-component.js:621)


        </pre>
    </div>
    <!--css div popup end-->

    </td>
</tr>

<tr id='ft1.9' class='none'>
    <td class='errorCase'><div class='testcase'>test_load009</div></td>
    <td colspan='5' align='center'>

    <!--css div popup start-->
    <a class="popup_link" onfocus='this.blur();' href="javascript:showTestDetail('div_ft1.9')" >
        error</a>

    <div id='div_ft1.9' class="popup_window">
        <div style='text-align: right; color:red;cursor:pointer'>
        <a onfocus='this.blur();' onclick="document.getElementById('div_ft1.9').style.display = 'none' " >
           [x]</a>
        </div>
        <pre>
        
ft1.9: Traceback (most recent call last):
  File "C:\Users\asus\PycharmProjects\iwebshop\scripts\test_01.py", line 185, in test_load009
    self.assertIn("填写用户名或邮箱", self.scr_load.get_att(self.load_username_null))
  File "C:\Users\asus\PycharmProjects\iwebshop\page\page_load.py", line 18, in get_att
    return self.find_element(loc).text
  File "C:\Users\asus\PycharmProjects\iwebshop\page\page_load.py", line 9, in find_element
    return self.driver.find_element(loc[0],loc[1])
  File "D:\python3.6.4\lib\site-packages\selenium\webdriver\remote\webdriver.py", line 712, in find_element
    {'using': by, 'value': value})['value']
  File "D:\python3.6.4\lib\site-packages\selenium\webdriver\remote\webdriver.py", line 201, in execute
    self.error_handler.check_response(response)
  File "D:\python3.6.4\lib\site-packages\selenium\webdriver\remote\errorhandler.py", line 181, in check_response
    raise exception_class(message, screen, stacktrace)
selenium.common.exceptions.NoSuchElementException: Message: Unable to locate element: {"method":"xpath","selector":"//tbody/tr[2]/td/label[@class='invalid-msg']"}
Stacktrace:
    at FirefoxDriver.prototype.findElementInternal_ (file:///C:/Users/asus/AppData/Local/Temp/tmpmou_givb/extensions/fxdriver@googlecode.com/components/driver-component.js:10659)
    at fxdriver.Timer.prototype.setTimeout/&lt;.notify (file:///C:/Users/asus/AppData/Local/Temp/tmpmou_givb/extensions/fxdriver@googlecode.com/components/driver-component.js:621)
Traceback (most recent call last):
  File "C:\Users\asus\PycharmProjects\iwebshop\scripts\test_01.py", line 185, in test_load009
    self.assertIn("填写用户名或邮箱", self.scr_load.get_att(self.load_username_null))
  File "C:\Users\asus\PycharmProjects\iwebshop\page\page_load.py", line 18, in get_att
    return self.find_element(loc).text
  File "C:\Users\asus\PycharmProjects\iwebshop\page\page_load.py", line 9, in find_element
    return self.driver.find_element(loc[0],loc[1])
  File "D:\python3.6.4\lib\site-packages\selenium\webdriver\remote\webdriver.py", line 712, in find_element
    {'using': by, 'value': value})['value']
  File "D:\python3.6.4\lib\site-packages\selenium\webdriver\remote\webdriver.py", line 201, in execute
    self.error_handler.check_response(response)
  File "D:\python3.6.4\lib\site-packages\selenium\webdriver\remote\errorhandler.py", line 181, in check_response
    raise exception_class(message, screen, stacktrace)
selenium.common.exceptions.NoSuchElementException: Message: Unable to locate element: {"method":"xpath","selector":"//tbody/tr[2]/td/label[@class='invalid-msg']"}
Stacktrace:
    at FirefoxDriver.prototype.findElementInternal_ (file:///C:/Users/asus/AppData/Local/Temp/tmpmou_givb/extensions/fxdriver@googlecode.com/components/driver-component.js:10659)
    at fxdriver.Timer.prototype.setTimeout/&lt;.notify (file:///C:/Users/asus/AppData/Local/Temp/tmpmou_givb/extensions/fxdriver@googlecode.com/components/driver-component.js:621)


        </pre>
    </div>
    <!--css div popup end-->

    </td>
</tr>

<tr id='total_row'>
    <td>Total</td>
    <td>9</td>
    <td>4</td>
    <td>0</td>
    <td>5</td>
    <td>&nbsp;</td>
</tr>
</table>

<div id='ending'>&nbsp;</div>

</body>
</html>
